<?xml version="1.0" encoding="UTF-8" ?>
<testsuite 
errors="0" failures="0" hostname="DESKTOP-O45NEMV" name="org.scalatest.tools.DiscoverySuite" tests="0" time="0.065" timestamp="2021-02-25T07:52:12">
  <properties>
    <property name="java.runtime.name" value="Java(TM) SE Runtime Environment">
    </property>
    <property 
    name="sun.boot.library.path" value="C:\Program Files\Java\jre1.8.0_281\bin">
</property>
    <property name="java.vm.version" value="25.281-b09"/>
    <property name="java.vm.vendor" value="Oracle Corporation"/>
    <property name="java.vendor.url" value="http://java.oracle.com/"/>
    <property name="path.separator" value=";"/>
    <property name="java.vm.name" value="Java HotSpot(TM) 64-Bit Server VM"/>
    <property name="file.encoding.pkg" value="sun.io"/>
    <property name="user.script" value=""/>
    <property name="user.country" value="IN"/>
    <property name="sun.java.launcher" value="SUN_STANDARD"/>
    <property name="sun.os.patch.level" value=""/>
    <property 
    name="java.vm.specification.name" value="Java Virtual Machine Specification">
</property>
    <property 
    name="user.dir" value="D:\practicals\live\Axis\services\Funds\ware">
</property>
    <property name="java.runtime.version" value="1.8.0_281-b09"/>
    <property 
    name="java.awt.graphicsenv" value="sun.awt.Win32GraphicsEnvironment">
</property>
    <property 
    name="basedir" value="D:\practicals\live\Axis\services\Funds\ware">
</property>
    <property 
    name="java.endorsed.dirs" value="C:\Program Files\Java\jre1.8.0_281\lib\endorsed">
</property>
    <property name="os.arch" value="amd64"/>
    <property name="java.io.tmpdir" value="C:\Users\sivap\AppData\Local\Temp\">
    </property>
    <property name="line.separator" value=" "/>
    <property name="java.vm.specification.vendor" value="Oracle Corporation"/>
    <property name="user.variant" value=""/>
    <property name="os.name" value="Windows 10"/>
    <property name="sun.jnu.encoding" value="Cp1252"/>
    <property 
    name="java.library.path" value="C:\Program Files (x86)\Common Files\Oracle\Java\javapath;C:\WINDOWS\Sun\Java\bin;C:\WINDOWS\system32;C:\WINDOWS;C:\Program Files (x86)\Common Files\Oracle\Java\javapath;C:\WINDOWS\system32;C:\WINDOWS;C:\WINDOWS\System32\Wbem;C:\WINDOWS\System32\WindowsPowerShell\v1.0\;C:\WINDOWS\System32\OpenSSH\;C:\Program Files\Git\cmd;C:\Program Files\PuTTY\;D:\Devops-Sw\apache-maven-3.6.3-bin\apache-maven-3.6.3\bin;C:\Program Files\Java\jdk1.8.0_281\bin;C:\Users\sivap\AppData\Local\Microsoft\WindowsApps;;.">
</property>
    <property 
    name="java.specification.name" value="Java Platform API Specification">
</property>
    <property name="java.class.version" value="52.0"/>
    <property 
    name="sun.management.compiler" value="HotSpot 64-Bit Tiered Compilers">
</property>
    <property name="os.version" value="10.0"/>
    <property name="user.home" value="C:\Users\sivap"/>
    <property name="user.timezone" value="UTC"/>
    <property name="java.awt.printerjob" value="sun.awt.windows.WPrinterJob"/>
    <property name="file.encoding" value="UTF-8"/>
    <property name="java.specification.version" value="1.8"/>
    <property name="user.name" value="sivap"/>
    <property 
    name="java.class.path" value="D:\practicals\live\Axis\services\Funds\ware\target\test-classes;D:\practicals\live\Axis\services\Funds\ware\target\classes;C:\Users\sivap\.m2\repository\org\scala-lang\scala-library\2.12.10\scala-library-2.12.10.jar;C:\Users\sivap\.m2\repository\org\scalatest\scalatest_2.12\3.1.2\scalatest_2.12-3.1.2.jar;C:\Users\sivap\.m2\repository\org\scalactic\scalactic_2.12\3.1.2\scalactic_2.12-3.1.2.jar;C:\Users\sivap\.m2\repository\org\scala-lang\scala-reflect\2.12.11\scala-reflect-2.12.11.jar;C:\Users\sivap\.m2\repository\org\scala-lang\modules\scala-xml_2.12\1.2.0\scala-xml_2.12-1.2.0.jar">
</property>
    <property name="java.vm.specification.version" value="1.8"/>
    <property name="sun.arch.data.model" value="64"/>
    <property name="java.home" value="C:\Program Files\Java\jre1.8.0_281"/>
    <property 
    name="sun.java.command" value="org.scalatest.tools.Runner -R D:\practicals\live\Axis\services\Funds\ware\target\classes D:\practicals\live\Axis\services\Funds\ware\target\test-classes -o -u D:\practicals\live\Axis\services\Funds\ware\target\surefire-reports\.">
</property>
    <property name="java.specification.vendor" value="Oracle Corporation"/>
    <property name="user.language" value="en"/>
    <property name="awt.toolkit" value="sun.awt.windows.WToolkit"/>
    <property name="java.vm.info" value="mixed mode"/>
    <property name="java.version" value="1.8.0_281"/>
    <property 
    name="java.ext.dirs" value="C:\Program Files\Java\jre1.8.0_281\lib\ext;C:\WINDOWS\Sun\Java\lib\ext">
</property>
    <property 
    name="sun.boot.class.path" value="C:\Program Files\Java\jre1.8.0_281\lib\resources.jar;C:\Program Files\Java\jre1.8.0_281\lib\rt.jar;C:\Program Files\Java\jre1.8.0_281\lib\sunrsasign.jar;C:\Program Files\Java\jre1.8.0_281\lib\jsse.jar;C:\Program Files\Java\jre1.8.0_281\lib\jce.jar;C:\Program Files\Java\jre1.8.0_281\lib\charsets.jar;C:\Program Files\Java\jre1.8.0_281\lib\jfr.jar;C:\Program Files\Java\jre1.8.0_281\classes">
</property>
    <property name="java.vendor" value="Oracle Corporation"/>
    <property name="file.separator" value="\"/>
    <property 
    name="java.vendor.url.bug" value="http://bugreport.sun.com/bugreport/">
</property>
    <property name="sun.cpu.endian" value="little"/>
    <property name="sun.io.unicode.encoding" value="UnicodeLittle"/>
    <property name="sun.desktop" value="windows"/>
    <property name="sun.cpu.isalist" value="amd64"/>
  </properties>
  <system-out><![CDATA[]]></system-out>
  <system-err><![CDATA[]]></system-err>
</testsuite>
